2025-12-01 09:59:55.982 [main] INFO   api.test.UserTests_Propertiesfile - ****************** creating user ******************
2025-12-01 09:59:58.905 [main] INFO   api.test.UserTests_Propertiesfile - ****************** user created completed ******************
2025-12-01 09:59:58.911 [main] INFO   api.test.UserTests_Propertiesfile - ****************** retrieving user ******************
2025-12-01 10:00:00.196 [main] INFO   api.test.UserTests_Propertiesfile - ****************** user retrieved ******************
2025-12-01 10:00:00.202 [main] INFO   api.test.UserTests_Propertiesfile - ****************** updating user ******************
2025-12-01 10:00:01.355 [main] INFO   api.test.UserTests_Propertiesfile - ****************** user updated ******************
2025-12-01 10:00:01.359 [main] INFO   api.test.UserTests_Propertiesfile - ****************** deleting user ******************
2025-12-01 10:00:02.555 [main] INFO   api.test.UserTests_Propertiesfile - ****************** user deleted ******************
2025-12-01 10:21:43.219 [main] INFO   api.test.UserTests - ****************** creating user ******************
2025-12-01 10:21:46.300 [main] INFO   api.test.UserTests - ****************** user created completed ******************
2025-12-01 10:21:46.314 [main] INFO   api.test.UserTests - ****************** retrieving user ******************
2025-12-01 10:21:47.587 [main] INFO   api.test.UserTests - ****************** user retrieved ******************
2025-12-01 10:21:47.591 [main] INFO   api.test.UserTests - ****************** updating user ******************
2025-12-01 10:21:48.718 [main] INFO   api.test.UserTests - ****************** user updated ******************
2025-12-01 10:21:48.722 [main] INFO   api.test.UserTests - ****************** deleting user ******************
2025-12-01 10:21:49.870 [main] INFO   api.test.UserTests - ****************** user deleted ******************
2025-12-01 10:23:34.820 [main] INFO   api.test.UserTests - ****************** creating user ******************
2025-12-01 10:23:37.731 [main] INFO   api.test.UserTests - ****************** user created completed ******************
2025-12-01 10:23:37.743 [main] INFO   api.test.UserTests - ****************** retrieving user ******************
2025-12-01 10:23:38.950 [main] INFO   api.test.UserTests - ****************** user retrieved ******************
2025-12-01 10:23:38.953 [main] INFO   api.test.UserTests - ****************** updating user ******************
2025-12-01 10:23:40.213 [main] INFO   api.test.UserTests - ****************** user updated ******************
2025-12-01 10:23:40.215 [main] INFO   api.test.UserTests - ****************** deleting user ******************
2025-12-01 10:23:41.468 [main] INFO   api.test.UserTests - ****************** user deleted ******************
2025-12-01 10:28:31.280 [main] INFO   api.test.UserTests - ****************** creating user ******************
2025-12-01 10:28:34.342 [main] INFO   api.test.UserTests - ****************** user created completed ******************
2025-12-01 10:28:34.353 [main] INFO   api.test.UserTests - ****************** retrieving user ******************
2025-12-01 10:28:35.569 [main] INFO   api.test.UserTests - ****************** user retrieved ******************
2025-12-01 10:28:35.573 [main] INFO   api.test.UserTests - ****************** updating user ******************
2025-12-01 10:28:36.846 [main] INFO   api.test.UserTests - ****************** user updated ******************
2025-12-01 10:28:36.848 [main] INFO   api.test.UserTests - ****************** deleting user ******************
2025-12-01 10:28:38.050 [main] INFO   api.test.UserTests - ****************** user deleted ******************
